Flutter crash report; please file at https://github.com/flutter/flutter/issues.

## command

flutter --no-color packages get

## exception

YamlException: Error on line 46, column 4: Expected a key while parsing a block mapping.
   ╷
46 │    assets:
   │    ^
   ╵

```
#0      Parser._parseBlockMappingKey (package:yaml/src/parser.dart:441:5)
#1      Parser._stateMachine (package:yaml/src/parser.dart:86:16)
#2      Parser.parse (package:yaml/src/parser.dart:47:19)
#3      Loader._loadMapping (package:yaml/src/loader.dart:169:23)
#4      Loader._loadNode (package:yaml/src/loader.dart:86:16)
#5      Loader._loadMapping (package:yaml/src/loader.dart:163:19)
#6      Loader._loadNode (package:yaml/src/loader.dart:86:16)
#7      Loader._loadDocument (package:yaml/src/loader.dart:62:20)
#8      Loader.load (package:yaml/src/loader.dart:54:20)
#9      loadYamlDocument (package:yaml/yaml.dart:51:25)
#10     loadYamlNode (package:yaml/yaml.dart:42:5)
#11     loadYaml (package:yaml/yaml.dart:34:5)
#12     FlutterManifest.createFromString (package:flutter_tools/src/flutter_manifest.dart:38:28)
#13     FlutterManifest.createFromPath (package:flutter_tools/src/flutter_manifest.dart:32:12)
#14     FlutterProject._readManifest (package:flutter_tools/src/project.dart:167:54)
#15     FlutterProject.fromDirectory (package:flutter_tools/src/project.dart:45:38)
#16     FlutterProject.fromPath (package:flutter_tools/src/project.dart:60:50)
#17     PackagesGetCommand.usageValues (package:flutter_tools/src/commands/packages.dart:80:55)
<asynchronous suspension>
#18     FlutterCommand._sendUsage (package:flutter_tools/src/runner/flutter_command.dart:411:58)
<asynchronous suspension>
#19     FlutterCommand.run.<anonymous closure> (package:flutter_tools/src/runner/flutter_command.dart:392:17)
<asynchronous suspension>
#20     AppContext.run.<anonymous closure> (package:flutter_tools/src/base/context.dart:153:29)
<asynchronous suspension>
#21     _rootRun (dart:async/zone.dart:1124:13)
#22     _CustomZone.run (dart:async/zone.dart:1021:19)
#23     _runZoned (dart:async/zone.dart:1516:10)
#24     runZoned (dart:async/zone.dart:1463:12)
#25     AppContext.run (package:flutter_tools/src/base/context.dart:152:18)
<asynchronous suspension>
#26     FlutterCommand.run (package:flutter_tools/src/runner/flutter_command.dart:375:20)
#27     CommandRunner.runCommand (package:args/command_runner.dart:197:27)
<asynchronous suspension>
#28     FlutterCommandRunner.runCommand.<anonymous closure> (package:flutter_tools/src/runner/flutter_command_runner.dart:396:21)
<asynchronous suspension>
#29     AppContext.run.<anonymous closure> (package:flutter_tools/src/base/context.dart:153:29)
<asynchronous suspension>
#30     _rootRun (dart:async/zone.dart:1124:13)
#31     _CustomZone.run (dart:async/zone.dart:1021:19)
#32     _runZoned (dart:async/zone.dart:1516:10)
#33     runZoned (dart:async/zone.dart:1463:12)
#34     AppContext.run (package:flutter_tools/src/base/context.dart:152:18)
<asynchronous suspension>
#35     FlutterCommandRunner.runCommand (package:flutter_tools/src/runner/flutter_command_runner.dart:356:19)
<asynchronous suspension>
#36     CommandRunner.run.<anonymous closure> (package:args/command_runner.dart:112:25)
#37     new Future.sync (dart:async/future.dart:224:31)
#38     CommandRunner.run (package:args/command_runner.dart:112:14)
#39     FlutterCommandRunner.run (package:flutter_tools/src/runner/flutter_command_runner.dart:242:18)
#40     run.<anonymous closure>.<anonymous closure> (package:flutter_tools/runner.dart:62:22)
<asynchronous suspension>
#41     _rootRun (dart:async/zone.dart:1124:13)
#42     _CustomZone.run (dart:async/zone.dart:1021:19)
#43     _runZoned (dart:async/zone.dart:1516:10)
#44     runZoned (dart:async/zone.dart:1500:12)
#45     run.<anonymous closure> (package:flutter_tools/runner.dart:60:18)
<asynchronous suspension>
#46     AppContext.run.<anonymous closure> (package:flutter_tools/src/base/context.dart:153:29)
<asynchronous suspension>
#47     _rootRun (dart:async/zone.dart:1124:13)
#48     _CustomZone.run (dart:async/zone.dart:1021:19)
#49     _runZoned (dart:async/zone.dart:1516:10)
#50     runZoned (dart:async/zone.dart:1463:12)
#51     AppContext.run (package:flutter_tools/src/base/context.dart:152:18)
<asynchronous suspension>
#52     runInContext (package:flutter_tools/src/context_runner.dart:56:24)
<asynchronous suspension>
#53     run (package:flutter_tools/runner.dart:51:10)
#54     main (package:flutter_tools/executable.dart:62:9)
<asynchronous suspension>
#55     main (file:///C:/Flutter/flutter/packages/flutter_tools/bin/flutter_tools.dart:8:3)
#56     _startIsolate.<anonymous closure> (dart:isolate-patch/isolate_patch.dart:299:32)
#57     _RawReceivePortImpl._handleMessage (dart:isolate-patch/isolate_patch.dart:172:12)
```

## flutter doctor

```
[✓] Flutter (Channel stable, v1.7.8, on Microsoft Windows [Version 10.0.18362.592], locale en-US)
    • Flutter version 1.7.8 at C:\Flutter\flutter
    • Framework revision d51fd86cdb (7 months ago), 2019-06-21 22:31:55 -0400
    • Engine revision d004bcd4d6
    • Dart version 2.4.0

[!] Android toolchain - develop for Android devices (Android SDK version 29.0.2)
    • Android SDK at C:/Flutter/Sdk
    • Android NDK location not configured (optional; useful for native profiling support)
    • Platform android-29, build-tools 29.0.2
    • ANDROID_HOME = C:/Flutter/Sdk
    • Java binary at: C:\Program Files\Android\Android Studio\jre\bin\java
    • Java version OpenJDK Runtime Environment (build 1.8.0_202-release-1483-b03)
    ! Some Android licenses not accepted.  To resolve this, run: flutter doctor --android-licenses

[✓] Android Studio (version 3.5)
    • Android Studio at C:\Program Files\Android\Android Studio
    • Flutter plugin version 42.1.1
    • Dart plugin version 191.8593
    • Java version OpenJDK Runtime Environment (build 1.8.0_202-release-1483-b03)

[!] Connected device
    ! No devices available

! Doctor found issues in 2 categories.
```
